SF:lib/features/users/application/application.dart
DA:8,6
DA:9,4
DA:10,4
LF:3
LH:3
end_of_record
SF:lib/features/users/data_access/data_access.dart
DA:7,9
DA:8,0
DA:9,0
LF:3
LH:1
end_of_record
SF:lib/features/users/data_access/users_repo.dart
DA:13,3
DA:18,3
DA:21,9
DA:22,6
DA:24,3
DA:26,0
DA:28,9
DA:29,3
DA:30,3
DA:31,3
DA:32,3
DA:33,3
DA:35,3
DA:36,3
DA:38,3
DA:39,6
LF:16
LH:15
end_of_record
SF:lib/features/core/infrastructure/common_app_response.dart
DA:4,4
LF:1
LH:1
end_of_record
SF:lib/features/users/infrastructure/users_response_dto.dart
DA:7,4
DA:12,4
DA:13,4
DA:15,0
DA:20,4
DA:34,4
DA:35,4
DA:37,0
LF:8
LH:6
end_of_record
SF:lib/features/users/infrastructure/users_response_dto.g.dart
DA:9,4
DA:11,4
DA:12,4
DA:13,12
DA:14,4
DA:17,0
DA:19,0
DA:20,0
DA:23,4
DA:24,4
DA:25,4
DA:26,4
DA:27,4
DA:28,4
DA:29,4
DA:32,0
DA:33,0
DA:34,0
DA:35,0
DA:36,0
DA:37,0
DA:38,0
LF:22
LH:12
end_of_record
SF:lib/features/core/domain/error_handling.dart
DA:5,3
DA:6,3
DA:8,3
DA:9,3
DA:11,3
DA:13,3
DA:14,9
DA:15,6
DA:19,1
DA:20,3
DA:23,3
DA:26,3
DA:27,2
DA:28,3
DA:30,0
DA:31,0
DA:33,0
DA:43,0
DA:47,0
DA:49,0
DA:51,0
DA:53,0
DA:55,0
DA:58,0
LF:24
LH:14
end_of_record
SF:lib/features/users/application/users_usecases.dart
DA:6,4
LF:1
LH:1
end_of_record
SF:lib/features/users/application/users_logic.dart
DA:10,2
DA:12,2
DA:17,2
DA:19,6
DA:21,4
DA:22,6
DA:23,2
DA:24,2
LF:8
LH:8
end_of_record
SF:lib/features/users/infrastructure/infrastructure.dart
DA:5,3
DA:6,2
LF:2
LH:2
end_of_record
SF:lib/core/app_initializers.dart
DA:11,6
DA:13,1
DA:14,3
DA:19,3
DA:20,2
DA:21,3
DA:22,3
DA:23,3
DA:25,2
LF:9
LH:9
end_of_record
SF:lib/features/core/infrastructure/api_helper.g.dart
DA:12,1
DA:16,1
DA:24,0
DA:26,0
DA:27,0
DA:28,0
DA:29,0
DA:30,0
DA:31,0
DA:36,0
DA:37,0
DA:42,0
DA:43,0
DA:48,0
DA:50,0
DA:51,0
DA:52,0
DA:53,0
DA:54,0
DA:55,0
DA:60,0
DA:61,0
DA:66,0
DA:67,0
DA:72,0
DA:77,0
DA:78,0
DA:79,0
DA:80,0
DA:81,0
DA:82,0
DA:87,0
DA:88,0
DA:89,0
DA:93,0
DA:94,0
DA:99,1
DA:101,1
DA:102,1
DA:103,1
DA:104,3
DA:105,2
DA:110,1
DA:111,2
DA:112,1
DA:116,2
DA:117,0
DA:121,1
DA:122,1
DA:123,2
DA:124,2
DA:125,1
DA:126,0
DA:128,1
LF:54
LH:18
end_of_record
SF:lib/features/core/theme/app_theme.dart
DA:6,1
DA:7,1
DA:8,1
DA:9,1
DA:10,1
DA:12,1
DA:13,1
DA:14,1
LF:8
LH:8
end_of_record
SF:lib/features/core/theme/base_app_theme.dart
DA:6,1
DA:15,1
LF:2
LH:2
end_of_record
SF:lib/router/app_navigator_service.dart
DA:8,0
DA:10,1
DA:12,1
DA:13,1
DA:16,0
DA:17,0
DA:18,0
DA:21,0
DA:22,0
DA:25,0
DA:26,0
LF:11
LH:3
end_of_record
SF:lib/features/handle_user_actions/infrastructure/update_user_response_dto.dart
DA:7,0
DA:20,0
DA:21,0
DA:23,0
LF:4
LH:0
end_of_record
SF:lib/features/handle_user_actions/infrastructure/update_user_response_dto.g.dart
DA:9,0
DA:11,0
DA:12,0
DA:13,0
DA:14,0
DA:15,0
DA:16,0
DA:19,0
DA:21,0
DA:22,0
DA:23,0
DA:24,0
DA:25,0
DA:26,0
LF:14
LH:0
end_of_record
SF:lib/features/handle_user_actions/infrastructure/create_user_request_dto.dart
DA:7,0
DA:18,0
DA:19,0
DA:21,0
LF:4
LH:0
end_of_record
SF:lib/features/handle_user_actions/infrastructure/create_user_request_dto.g.dart
DA:9,0
DA:10,0
DA:11,0
DA:12,0
DA:13,0
DA:14,0
DA:17,0
DA:18,0
DA:19,0
DA:20,0
DA:21,0
DA:22,0
LF:12
LH:0
end_of_record
SF:lib/features/handle_user_actions/infrastructure/user_info_response_dto.dart
DA:7,0
DA:12,0
DA:13,0
DA:15,0
DA:20,0
DA:34,0
DA:35,0
DA:37,0
LF:8
LH:0
end_of_record
SF:lib/features/handle_user_actions/infrastructure/user_info_response_dto.g.dart
DA:9,0
DA:10,0
DA:11,0
DA:13,0
DA:14,0
DA:15,0
DA:18,0
DA:20,0
DA:21,0
DA:22,0
DA:23,0
DA:26,0
DA:27,0
DA:28,0
DA:29,0
DA:30,0
DA:31,0
DA:32,0
DA:35,0
DA:36,0
DA:37,0
DA:38,0
DA:39,0
DA:40,0
DA:41,0
LF:25
LH:0
end_of_record
SF:lib/features/core/theme/app_color_scheme.dart
DA:6,1
DA:7,1
DA:45,1
DA:46,1
LF:4
LH:4
end_of_record
SF:lib/features/core/theme/color_scheme.dart
DA:4,1
LF:1
LH:1
end_of_record
SF:lib/features/core/theme/app_text_theme.dart
DA:7,3
DA:114,3
LF:2
LH:2
end_of_record
SF:lib/features/core/theme/text_theme.dart
DA:4,1
LF:1
LH:1
end_of_record
SF:lib/features/core/widgets/progress_widget.dart
DA:7,0
DA:10,0
DA:11,0
DA:12,0
DA:29,0
DA:31,0
DA:36,0
DA:45,0
DA:48,0
DA:50,0
DA:52,0
DA:54,0
DA:55,0
DA:64,0
DA:66,0
DA:69,0
DA:72,0
DA:75,0
DA:78,0
DA:81,0
DA:82,0
LF:21
LH:0
end_of_record
SF:lib/features/users/infrastructure/users_api.dart
DA:10,1
DA:11,4
DA:12,1
DA:13,1
DA:16,0
LF:5
LH:4
end_of_record
SF:lib/features/users/presentation/users_screen.dart
DA:17,2
DA:19,1
DA:20,1
DA:25,1
DA:27,1
DA:28,5
DA:40,1
DA:42,1
DA:44,4
DA:45,1
DA:46,1
DA:49,1
DA:50,1
DA:51,1
DA:52,1
DA:53,1
DA:54,2
DA:55,1
DA:56,1
DA:57,2
DA:58,1
DA:62,1
DA:64,1
DA:65,1
DA:66,1
DA:74,1
DA:75,1
DA:77,1
DA:78,4
DA:79,1
DA:81,2
DA:82,1
DA:86,1
DA:89,2
LF:34
LH:34
end_of_record
SF:lib/router/router_generator.dart
DA:9,1
DA:12,1
DA:13,1
DA:14,1
DA:15,0
DA:16,1
DA:17,0
DA:18,1
DA:19,1
DA:20,2
DA:21,0
DA:22,0
DA:23,0
DA:25,0
DA:29,1
DA:30,2
DA:33,0
DA:34,0
LF:18
LH:10
end_of_record
SF:lib/features/handle_user_actions/presentation/create_user_screen.dart
DA:18,1
DA:19,0
DA:20,0
DA:32,0
DA:34,0
DA:35,0
DA:36,0
DA:39,0
DA:41,0
DA:42,0
DA:43,0
DA:46,0
DA:48,0
DA:49,0
DA:50,0
DA:53,0
DA:54,0
DA:56,0
DA:57,0
DA:58,0
DA:59,0
DA:60,0
DA:61,0
DA:62,0
DA:63,0
DA:66,0
DA:69,0
DA:70,0
DA:71,0
DA:73,0
DA:74,0
DA:75,0
DA:76,0
DA:77,0
DA:78,0
DA:80,0
DA:81,0
DA:86,0
DA:87,0
DA:89,0
DA:90,0
DA:91,0
DA:92,0
DA:93,0
DA:94,0
DA:95,0
DA:96,0
DA:100,0
DA:105,0
DA:106,0
DA:107,0
DA:110,0
DA:111,0
DA:114,0
DA:117,0
DA:118,0
DA:119,0
DA:121,0
DA:122,0
DA:130,0
DA:131,0
DA:133,0
DA:134,0
DA:135,0
DA:136,0
DA:139,0
DA:141,0
DA:142,0
DA:145,0
DA:146,0
DA:147,0
DA:149,0
DA:150,0
DA:153,0
DA:156,0
DA:157,0
DA:158,0
DA:160,0
DA:161,0
DA:164,0
DA:170,0
DA:173,0
DA:176,0
DA:177,0
DA:178,0
DA:181,0
DA:186,0
DA:187,0
DA:188,0
DA:189,0
DA:190,0
DA:200,0
DA:201,0
DA:202,0
DA:203,0
DA:204,0
DA:205,0
LF:97
LH:1
end_of_record
SF:lib/features/core/utils/extensions.dart
DA:9,0
DA:10,0
DA:12,0
DA:17,1
DA:18,3
DA:21,1
DA:22,1
DA:23,0
DA:25,4
DA:29,1
DA:30,1
DA:31,0
DA:33,4
LF:13
LH:8
end_of_record
SF:lib/features/core/widgets/base_scaffold.dart
DA:6,2
DA:25,1
DA:47,1
DA:49,1
DA:50,1
DA:51,1
DA:52,5
DA:57,1
DA:58,1
DA:60,1
DA:61,0
DA:62,0
DA:63,0
DA:66,0
DA:68,1
DA:69,2
DA:70,2
DA:71,2
DA:72,1
LF:19
LH:15
end_of_record
SF:lib/features/core/widgets/custom_bottom_sheet.dart
DA:8,0
DA:20,0
DA:32,0
DA:46,0
DA:50,0
DA:51,0
DA:54,0
DA:55,0
DA:70,0
DA:80,0
DA:84,0
DA:85,0
DA:88,0
DA:89,0
DA:101,0
DA:103,0
DA:104,0
DA:105,0
DA:107,0
DA:108,0
DA:109,0
DA:111,0
DA:112,0
DA:113,0
DA:114,0
DA:115,0
DA:117,0
DA:119,0
DA:120,0
DA:122,0
DA:123,0
DA:127,0
DA:129,0
DA:130,0
DA:134,0
DA:135,0
DA:136,0
DA:137,0
DA:138,0
DA:145,0
DA:147,0
DA:148,0
DA:149,0
DA:152,0
LF:44
LH:0
end_of_record
SF:lib/features/core/widgets/elevated_button_widget.dart
DA:6,0
DA:13,0
DA:20,0
DA:22,0
DA:23,0
DA:27,0
DA:29,0
DA:30,0
DA:31,0
DA:32,0
DA:33,0
DA:34,0
DA:35,0
DA:37,0
DA:38,0
DA:40,0
DA:41,0
DA:42,0
DA:43,0
DA:44,0
DA:45,0
DA:46,0
LF:22
LH:0
end_of_record
SF:lib/features/core/widgets/primary_button.dart
DA:9,0
DA:16,0
DA:23,0
DA:25,0
DA:26,0
DA:27,0
DA:28,0
DA:29,0
DA:30,0
DA:31,0
DA:32,0
DA:34,0
DA:36,0
DA:39,0
DA:41,0
DA:42,0
DA:43,0
DA:44,0
DA:45,0
DA:46,0
DA:47,0
LF:21
LH:0
end_of_record
SF:lib/features/core/widgets/text_field_widget.dart
DA:7,0
DA:28,0
DA:50,0
DA:52,0
DA:54,0
DA:55,0
DA:56,0
DA:57,0
DA:59,0
DA:61,0
DA:63,0
DA:65,0
DA:67,0
DA:68,0
DA:70,0
DA:71,0
DA:72,0
DA:73,0
DA:74,0
DA:76,0
DA:77,0
DA:78,0
DA:79,0
DA:80,0
DA:81,0
DA:82,0
DA:83,0
DA:84,0
DA:85,0
DA:86,0
DA:87,0
DA:88,0
DA:89,0
DA:90,0
DA:91,0
DA:92,0
DA:93,0
DA:94,0
DA:96,0
DA:97,0
DA:98,0
DA:102,0
DA:103,0
DA:105,0
DA:106,0
DA:108,0
DA:109,0
DA:110,0
DA:111,0
DA:112,0
DA:115,0
LF:51
LH:0
end_of_record
SF:lib/features/handle_user_actions/application/application.dart
DA:14,0
DA:15,0
DA:16,0
DA:17,0
DA:21,0
DA:22,0
DA:23,0
DA:24,0
DA:28,2
DA:29,1
DA:30,2
DA:31,2
LF:12
LH:4
end_of_record
SF:lib/features/handle_user_actions/presentation/edit_profile_screen.dart
DA:19,0
DA:36,0
DA:37,0
DA:38,0
DA:50,0
DA:52,0
DA:53,0
DA:54,0
DA:57,0
DA:59,0
DA:60,0
DA:62,0
DA:65,0
DA:67,0
DA:68,0
DA:69,0
DA:72,0
DA:74,0
DA:75,0
DA:76,0
DA:77,0
DA:78,0
DA:80,0
DA:84,0
DA:85,0
DA:87,0
DA:88,0
DA:89,0
DA:90,0
DA:91,0
DA:92,0
DA:93,0
DA:94,0
DA:97,0
DA:100,0
DA:101,0
DA:102,0
DA:104,0
DA:105,0
DA:106,0
DA:107,0
DA:108,0
DA:109,0
DA:110,0
DA:111,0
DA:112,0
DA:113,0
DA:114,0
DA:116,0
DA:117,0
DA:122,0
DA:123,0
DA:124,0
DA:125,0
DA:128,0
DA:129,0
DA:132,0
DA:135,0
DA:136,0
DA:137,0
DA:139,0
DA:140,0
DA:148,0
DA:149,0
DA:151,0
DA:152,0
DA:155,0
DA:161,0
DA:162,0
DA:163,0
DA:165,0
DA:166,0
DA:169,0
DA:172,0
DA:173,0
DA:174,0
DA:176,0
DA:177,0
DA:180,0
DA:186,0
DA:189,0
DA:192,0
DA:193,0
DA:194,0
DA:197,0
DA:203,0
DA:204,0
DA:205,0
DA:206,0
DA:207,0
DA:216,0
DA:217,0
DA:219,0
DA:220,0
DA:221,0
DA:222,0
DA:223,0
DA:224,0
DA:225,0
DA:226,0
DA:227,0
DA:231,0
DA:236,0
DA:238,0
DA:239,0
DA:240,0
DA:243,0
DA:244,0
DA:245,0
DA:246,0
DA:247,0
DA:248,0
LF:112
LH:0
end_of_record
SF:lib/features/users/presentation/view_user_screen.dart
DA:17,1
DA:26,2
DA:29,1
DA:30,1
DA:35,1
DA:37,1
DA:38,1
DA:39,3
DA:40,4
DA:43,1
DA:45,1
DA:47,4
DA:48,0
DA:49,2
DA:50,1
DA:58,0
DA:59,0
DA:60,0
DA:62,0
DA:64,0
DA:66,0
DA:67,0
DA:68,0
DA:75,0
DA:76,0
DA:77,0
DA:80,0
DA:85,0
DA:88,0
DA:91,0
DA:92,0
DA:104,0
DA:105,0
DA:106,0
DA:109,0
DA:110,0
DA:111,0
DA:113,0
DA:115,0
DA:117,0
DA:118,0
DA:120,0
DA:121,0
DA:123,0
DA:126,0
DA:129,0
DA:131,0
DA:134,0
DA:135,0
DA:143,0
DA:144,0
DA:146,0
DA:147,0
DA:148,0
DA:151,0
DA:153,0
DA:155,0
DA:161,0
DA:162,0
DA:163,0
DA:164,0
DA:165,0
DA:166,0
DA:167,0
DA:168,0
DA:169,0
DA:170,0
DA:171,0
DA:172,0
DA:175,0
DA:176,0
DA:190,0
DA:192,0
DA:193,0
DA:194,0
LF:75
LH:14
end_of_record
SF:lib/features/core/mixins/generic_empty_error_state_widget.dart
DA:7,0
DA:9,0
DA:14,0
DA:16,0
DA:17,0
DA:19,2
DA:20,2
DA:21,2
DA:22,2
DA:24,6
DA:26,4
DA:29,2
DA:31,6
DA:33,4
LF:14
LH:9
end_of_record
SF:lib/features/handle_user_actions/application/create_user_usecases.dart
DA:6,0
LF:1
LH:0
end_of_record
SF:lib/features/handle_user_actions/application/fetch_single_user_logic.dart
DA:10,1
DA:12,1
DA:17,1
DA:19,3
DA:21,1
DA:22,0
DA:23,1
DA:24,1
LF:8
LH:7
end_of_record
SF:lib/features/handle_user_actions/application/update_user_usecases.dart
DA:6,0
LF:1
LH:0
end_of_record
SF:lib/features/handle_user_actions/data_access/data_access.dart
DA:9,0
DA:10,0
DA:11,0
DA:15,0
DA:16,0
DA:17,0
DA:21,3
DA:22,2
DA:23,2
LF:9
LH:3
end_of_record
SF:lib/features/handle_user_actions/application/create_user_logic.dart
DA:10,0
DA:12,0
DA:17,0
DA:21,0
DA:28,0
DA:30,0
DA:31,0
DA:32,0
DA:33,0
LF:9
LH:0
end_of_record
SF:lib/features/handle_user_actions/application/fetch_single_user_usecases.dart
DA:6,2
LF:1
LH:1
end_of_record
SF:lib/features/handle_user_actions/application/update_user_logic.dart
DA:10,0
DA:12,0
DA:17,0
DA:23,0
DA:30,0
DA:32,0
DA:33,0
DA:34,0
DA:35,0
LF:9
LH:0
end_of_record
SF:lib/features/handle_user_actions/data_access/create_user_repo.dart
DA:12,0
DA:17,0
DA:21,0
DA:22,0
DA:23,0
DA:24,0
DA:25,0
DA:26,0
DA:27,0
DA:29,0
DA:31,0
DA:32,0
LF:12
LH:0
end_of_record
SF:lib/features/handle_user_actions/data_access/update_user_repo.dart
DA:12,0
DA:17,0
DA:21,0
DA:22,0
DA:23,0
DA:24,0
DA:25,0
DA:26,0
DA:27,0
DA:29,0
DA:31,0
DA:32,0
LF:12
LH:0
end_of_record
SF:lib/features/handle_user_actions/infrastructure/infrastructure.dart
DA:8,0
DA:9,0
DA:12,0
DA:13,0
DA:16,3
DA:17,2
LF:6
LH:2
end_of_record
SF:lib/features/handle_user_actions/data_access/fetch_single_user_repo.dart
DA:12,1
DA:17,1
DA:20,3
DA:21,0
DA:22,0
DA:23,0
DA:24,0
DA:25,0
DA:26,0
DA:28,0
DA:30,1
DA:31,2
LF:12
LH:5
end_of_record
SF:lib/features/handle_user_actions/infrastructure/create_user_api.dart
DA:11,0
DA:13,0
DA:15,0
DA:16,0
LF:4
LH:0
end_of_record
SF:lib/features/handle_user_actions/infrastructure/fetch_single_user_api.dart
DA:10,1
DA:12,4
DA:13,0
LF:3
LH:2
end_of_record
SF:lib/features/handle_user_actions/infrastructure/update_user_api.dart
DA:11,0
DA:13,0
DA:15,0
DA:16,0
LF:4
LH:0
end_of_record
